<?xml version="1.0" encoding="UTF-8"?>
<!-- Generated by org.testng.reporters.JUnitReportReporter -->
<testsuite hostname="DESKTOP-CVGL8I0" failures="0" tests="1" name="customerTestcaseExecution.createlistingExecutionclass" time="62.499" errors="0" timestamp="2025-09-21T00:14:07 IST" skipped="0">
  <testcase classname="customerTestcaseExecution.createlistingExecutionclass" name="createlistingpage" time="62.499"/>
</testsuite> <!-- customerTestcaseExecution.createlistingExecutionclass -->
