<?xml version="1.0" encoding="UTF-8"?>
<!-- Generated by org.testng.reporters.JUnitReportReporter -->
<testsuite hostname="Active34" failures="0" tests="1" name="opsTestcaseExecution.opsteammanagementclass" time="14.021" errors="0" timestamp="2025-09-22T15:00:17 IST" skipped="0">
  <testcase classname="opsTestcaseExecution.opsteammanagementclass" name="Teammanagementpage" time="14.021"/>
</testsuite> <!-- opsTestcaseExecution.opsteammanagementclass -->
