<?xml version="1.0" encoding="UTF-8"?>
<!-- Generated by org.testng.reporters.JUnitReportReporter -->
<testsuite hostname="DESKTOP-CVGL8I0" failures="0" tests="1" name="opsTestcaseExecution.opsteammanagementclass" time="17.207" errors="0" timestamp="2025-09-21T17:33:35 IST" skipped="0">
  <testcase classname="opsTestcaseExecution.opsteammanagementclass" name="Teammanagementpage" time="17.207"/>
</testsuite> <!-- opsTestcaseExecution.opsteammanagementclass -->
