<?xml version="1.0" encoding="UTF-8"?>
<!-- Generated by org.testng.reporters.JUnitReportReporter -->
<testsuite hostname="DESKTOP-CVGL8I0" failures="0" tests="1" name="customerTestcaseExecution.BusinessaccountExecutionclass" time="57.324" errors="0" timestamp="2025-09-19T20:28:24 IST" skipped="0">
  <testcase classname="customerTestcaseExecution.BusinessaccountExecutionclass" name="createbusinessaccountpage" time="57.324"/>
</testsuite> <!-- customerTestcaseExecution.BusinessaccountExecutionclass -->
