<?xml version="1.0" encoding="UTF-8"?>
<!-- Generated by org.testng.reporters.JUnitReportReporter -->
<testsuite hostname="DESKTOP-CVGL8I0" failures="0" tests="1" name="opsTestcaseExecution.opssigninExecustionclass" time="13.018" errors="0" timestamp="2025-10-18T22:56:57 IST" skipped="0">
  <testcase classname="opsTestcaseExecution.opssigninExecustionclass" name="opssignin" time="13.018"/>
</testsuite> <!-- opsTestcaseExecution.opssigninExecustionclass -->
