<?xml version="1.0" encoding="UTF-8"?>
<!-- Generated by org.testng.reporters.JUnitReportReporter -->
<testsuite hostname="DESKTOP-CVGL8I0" failures="0" tests="1" name="opsTestcaseExecution.opsteammanagementclass" time="17.747" errors="0" timestamp="2025-09-22T21:39:02 IST" skipped="0">
  <testcase classname="opsTestcaseExecution.opsteammanagementclass" name="listteammanagement" time="17.747"/>
</testsuite> <!-- opsTestcaseExecution.opsteammanagementclass -->
