<?xml version="1.0" encoding="UTF-8"?>
<!-- Generated by org.testng.reporters.JUnitReportReporter -->
<testsuite hostname="DESKTOP-CVGL8I0" failures="0" tests="1" name="opsTestcaseExecution.opssigninExecustionclass" time="8.245" errors="0" timestamp="2025-09-21T15:49:14 IST" skipped="0">
  <testcase classname="opsTestcaseExecution.opssigninExecustionclass" name="opssignin" time="8.245"/>
</testsuite> <!-- opsTestcaseExecution.opssigninExecustionclass -->
