<?xml version="1.0" encoding="UTF-8"?>
<!-- Generated by org.testng.reporters.JUnitReportReporter -->
<testsuite hostname="Active34" failures="0" tests="4" name="customerTestcaseExecution.SigninExecutionclass" time="10.159" errors="0" timestamp="2025-09-19T18:08:07 IST" skipped="3">
  <testcase classname="customerTestcaseExecution.SigninExecutionclass" name="signinwithinvalidemailID" time="10.159"/>
  <testcase classname="customerTestcaseExecution.SigninExecutionclass" name="signinloginwithotp">
    <skipped/>
  </testcase> <!-- signinloginwithotp -->
  <testcase classname="customerTestcaseExecution.SigninExecutionclass" name="signinwithinvalidpassword">
    <skipped/>
  </testcase> <!-- signinwithinvalidpassword -->
  <testcase classname="customerTestcaseExecution.SigninExecutionclass" name="signinpage">
    <skipped/>
  </testcase> <!-- signinpage -->
</testsuite> <!-- customerTestcaseExecution.SigninExecutionclass -->
